\BOOKMARK [0][-]{chapter.1}{\376\377\000I\000n\000t\000r\000o\000d\000u\000c\000t\000i\000o\000n\000\040\000t\000o\000\040\000D\000a\000t\000a\000\040\000C\000o\000m\000p\000r\000e\000s\000s\000i\000o\000n}{}% 1
\BOOKMARK [1][-]{section.1.1}{\376\377\000W\000h\000a\000t\000\040\000i\000s\000\040\000D\000a\000t\000a\000\040\000C\000o\000m\000p\000r\000e\000s\000s\000i\000o\000n\000?}{chapter.1}% 2
\BOOKMARK [1][-]{section.1.2}{\376\377\000T\000y\000p\000e\000s\000\040\000o\000f\000\040\000C\000o\000m\000p\000r\000e\000s\000s\000i\000o\000n}{chapter.1}% 3
\BOOKMARK [2][-]{subsection.1.2.1}{\376\377\000L\000o\000s\000s\000l\000e\000s\000s\000\040\000C\000o\000m\000p\000r\000e\000s\000s\000i\000o\000n}{section.1.2}% 4
\BOOKMARK [2][-]{subsection.1.2.2}{\376\377\000L\000o\000s\000s\000y\000\040\000C\000o\000m\000p\000r\000e\000s\000s\000i\000o\000n}{section.1.2}% 5
\BOOKMARK [1][-]{section.1.3}{\376\377\000K\000e\000y\000\040\000C\000o\000n\000c\000e\000p\000t\000s}{chapter.1}% 6
\BOOKMARK [2][-]{subsection.1.3.1}{\376\377\000C\000o\000m\000p\000r\000e\000s\000s\000i\000o\000n\000\040\000R\000a\000t\000i\000o}{section.1.3}% 7
\BOOKMARK [2][-]{subsection.1.3.2}{\376\377\000E\000n\000t\000r\000o\000p\000y}{section.1.3}% 8
\BOOKMARK [1][-]{section.1.4}{\376\377\000C\000l\000a\000s\000s\000i\000f\000i\000c\000a\000t\000i\000o\000n\000\040\000o\000f\000\040\000A\000l\000g\000o\000r\000i\000t\000h\000m\000s}{chapter.1}% 9
\BOOKMARK [0][-]{chapter.2}{\376\377\000R\000u\000n\000-\000L\000e\000n\000g\000t\000h\000\040\000E\000n\000c\000o\000d\000i\000n\000g\000\040\000\050\000R\000L\000E\000\051}{}% 10
\BOOKMARK [1][-]{section.2.1}{\376\377\000O\000v\000e\000r\000v\000i\000e\000w}{chapter.2}% 11
\BOOKMARK [1][-]{section.2.2}{\376\377\000H\000o\000w\000\040\000I\000t\000\040\000W\000o\000r\000k\000s}{chapter.2}% 12
\BOOKMARK [1][-]{section.2.3}{\376\377\000A\000l\000g\000o\000r\000i\000t\000h\000m}{chapter.2}% 13
\BOOKMARK [1][-]{section.2.4}{\376\377\000E\000x\000a\000m\000p\000l\000e}{chapter.2}% 14
\BOOKMARK [1][-]{section.2.5}{\376\377\000A\000d\000v\000a\000n\000t\000a\000g\000e\000s\000\040\000a\000n\000d\000\040\000L\000i\000m\000i\000t\000a\000t\000i\000o\000n\000s}{chapter.2}% 15
\BOOKMARK [1][-]{section.2.6}{\376\377\000A\000p\000p\000l\000i\000c\000a\000t\000i\000o\000n\000s}{chapter.2}% 16
\BOOKMARK [0][-]{chapter.3}{\376\377\000D\000e\000l\000t\000a\000\040\000E\000n\000c\000o\000d\000i\000n\000g}{}% 17
\BOOKMARK [1][-]{section.3.1}{\376\377\000O\000v\000e\000r\000v\000i\000e\000w}{chapter.3}% 18
\BOOKMARK [1][-]{section.3.2}{\376\377\000H\000o\000w\000\040\000I\000t\000\040\000W\000o\000r\000k\000s}{chapter.3}% 19
\BOOKMARK [1][-]{section.3.3}{\376\377\000A\000l\000g\000o\000r\000i\000t\000h\000m}{chapter.3}% 20
\BOOKMARK [1][-]{section.3.4}{\376\377\000W\000h\000y\000\040\000I\000t\000\040\000C\000o\000m\000p\000r\000e\000s\000s\000e\000s}{chapter.3}% 21
\BOOKMARK [1][-]{section.3.5}{\376\377\000A\000p\000p\000l\000i\000c\000a\000t\000i\000o\000n\000s}{chapter.3}% 22
\BOOKMARK [0][-]{chapter.4}{\376\377\000H\000u\000f\000f\000m\000a\000n\000\040\000C\000o\000d\000i\000n\000g}{}% 23
\BOOKMARK [1][-]{section.4.1}{\376\377\000O\000v\000e\000r\000v\000i\000e\000w}{chapter.4}% 24
\BOOKMARK [1][-]{section.4.2}{\376\377\000H\000o\000w\000\040\000I\000t\000\040\000W\000o\000r\000k\000s}{chapter.4}% 25
\BOOKMARK [1][-]{section.4.3}{\376\377\000B\000u\000i\000l\000d\000i\000n\000g\000\040\000t\000h\000e\000\040\000H\000u\000f\000f\000m\000a\000n\000\040\000T\000r\000e\000e}{chapter.4}% 26
\BOOKMARK [1][-]{section.4.4}{\376\377\000R\000e\000s\000u\000l\000t\000i\000n\000g\000\040\000C\000o\000d\000e\000s}{chapter.4}% 27
\BOOKMARK [1][-]{section.4.5}{\376\377\000A\000l\000g\000o\000r\000i\000t\000h\000m}{chapter.4}% 28
\BOOKMARK [1][-]{section.4.6}{\376\377\000P\000r\000o\000p\000e\000r\000t\000i\000e\000s}{chapter.4}% 29
\BOOKMARK [1][-]{section.4.7}{\376\377\000A\000p\000p\000l\000i\000c\000a\000t\000i\000o\000n\000s}{chapter.4}% 30
\BOOKMARK [0][-]{chapter.5}{\376\377\000A\000r\000i\000t\000h\000m\000e\000t\000i\000c\000\040\000C\000o\000d\000i\000n\000g}{}% 31
\BOOKMARK [1][-]{section.5.1}{\376\377\000O\000v\000e\000r\000v\000i\000e\000w}{chapter.5}% 32
\BOOKMARK [1][-]{section.5.2}{\376\377\000H\000o\000w\000\040\000I\000t\000\040\000W\000o\000r\000k\000s}{chapter.5}% 33
\BOOKMARK [1][-]{section.5.3}{\376\377\000E\000x\000a\000m\000p\000l\000e\000:\000\040\000E\000n\000c\000o\000d\000i\000n\000g\000\040\000"\000A\000B\000"}{chapter.5}% 34
\BOOKMARK [1][-]{section.5.4}{\376\377\000C\000o\000m\000p\000a\000r\000i\000s\000o\000n\000\040\000w\000i\000t\000h\000\040\000H\000u\000f\000f\000m\000a\000n}{chapter.5}% 35
\BOOKMARK [1][-]{section.5.5}{\376\377\000A\000p\000p\000l\000i\000c\000a\000t\000i\000o\000n\000s}{chapter.5}% 36
\BOOKMARK [0][-]{chapter.6}{\376\377\000L\000Z\0007\0007\000\040\000a\000n\000d\000\040\000L\000Z\0007\0008}{}% 37
\BOOKMARK [1][-]{section.6.1}{\376\377\000O\000v\000e\000r\000v\000i\000e\000w}{chapter.6}% 38
\BOOKMARK [1][-]{section.6.2}{\376\377\000L\000Z\0007\0007\000:\000\040\000S\000l\000i\000d\000i\000n\000g\000\040\000W\000i\000n\000d\000o\000w}{chapter.6}% 39
\BOOKMARK [1][-]{section.6.3}{\376\377\000L\000Z\0007\0007\000\040\000O\000u\000t\000p\000u\000t\000\040\000F\000o\000r\000m\000a\000t}{chapter.6}% 40
\BOOKMARK [1][-]{section.6.4}{\376\377\000L\000Z\0007\0008\000:\000\040\000E\000x\000p\000l\000i\000c\000i\000t\000\040\000D\000i\000c\000t\000i\000o\000n\000a\000r\000y}{chapter.6}% 41
\BOOKMARK [1][-]{section.6.5}{\376\377\000C\000o\000m\000p\000a\000r\000i\000s\000o\000n}{chapter.6}% 42
\BOOKMARK [0][-]{chapter.7}{\376\377\000L\000Z\000W\000\040\000\050\000L\000e\000m\000p\000e\000l\000-\000Z\000i\000v\000-\000W\000e\000l\000c\000h\000\051}{}% 43
\BOOKMARK [1][-]{section.7.1}{\376\377\000O\000v\000e\000r\000v\000i\000e\000w}{chapter.7}% 44
\BOOKMARK [1][-]{section.7.2}{\376\377\000H\000o\000w\000\040\000I\000t\000\040\000W\000o\000r\000k\000s}{chapter.7}% 45
\BOOKMARK [1][-]{section.7.3}{\376\377\000E\000x\000a\000m\000p\000l\000e\000:\000\040\000E\000n\000c\000o\000d\000i\000n\000g\000\040\000"\000A\000B\000A\000B\000A\000B\000"}{chapter.7}% 46
\BOOKMARK [1][-]{section.7.4}{\376\377\000D\000e\000c\000o\000d\000i\000n\000g}{chapter.7}% 47
\BOOKMARK [1][-]{section.7.5}{\376\377\000A\000p\000p\000l\000i\000c\000a\000t\000i\000o\000n\000s}{chapter.7}% 48
\BOOKMARK [0][-]{chapter.8}{\376\377\000D\000E\000F\000L\000A\000T\000E}{}% 49
\BOOKMARK [1][-]{section.8.1}{\376\377\000O\000v\000e\000r\000v\000i\000e\000w}{chapter.8}% 50
\BOOKMARK [1][-]{section.8.2}{\376\377\000A\000l\000g\000o\000r\000i\000t\000h\000m\000\040\000P\000i\000p\000e\000l\000i\000n\000e}{chapter.8}% 51
\BOOKMARK [1][-]{section.8.3}{\376\377\000S\000t\000e\000p\000\040\0001\000:\000\040\000L\000Z\0007\0007\000\040\000C\000o\000m\000p\000r\000e\000s\000s\000i\000o\000n}{chapter.8}% 52
\BOOKMARK [1][-]{section.8.4}{\376\377\000S\000t\000e\000p\000\040\0002\000:\000\040\000H\000u\000f\000f\000m\000a\000n\000\040\000C\000o\000d\000i\000n\000g}{chapter.8}% 53
\BOOKMARK [1][-]{section.8.5}{\376\377\000B\000l\000o\000c\000k\000\040\000T\000y\000p\000e\000s}{chapter.8}% 54
\BOOKMARK [1][-]{section.8.6}{\376\377\000C\000o\000m\000p\000r\000e\000s\000s\000i\000o\000n\000\040\000L\000e\000v\000e\000l\000s}{chapter.8}% 55
\BOOKMARK [1][-]{section.8.7}{\376\377\000A\000p\000p\000l\000i\000c\000a\000t\000i\000o\000n\000s}{chapter.8}% 56
\BOOKMARK [0][-]{chapter.9}{\376\377\000M\000o\000d\000e\000r\000n\000\040\000C\000o\000m\000p\000r\000e\000s\000s\000i\000o\000n\000\040\000A\000l\000g\000o\000r\000i\000t\000h\000m\000s}{}% 57
\BOOKMARK [1][-]{section.9.1}{\376\377\000L\000Z\0004}{chapter.9}% 58
\BOOKMARK [1][-]{section.9.2}{\376\377\000Z\000s\000t\000a\000n\000d\000a\000r\000d\000\040\000\050\000z\000s\000t\000d\000\051}{chapter.9}% 59
\BOOKMARK [1][-]{section.9.3}{\376\377\000B\000r\000o\000t\000l\000i}{chapter.9}% 60
\BOOKMARK [1][-]{section.9.4}{\376\377\000b\000z\000i\000p\0002}{chapter.9}% 61
\BOOKMARK [1][-]{section.9.5}{\376\377\000L\000Z\000M\000A\000/\0007\000z}{chapter.9}% 62
\BOOKMARK [1][-]{section.9.6}{\376\377\000S\000n\000a\000p\000p\000y}{chapter.9}% 63
\BOOKMARK [0][-]{chapter.10}{\376\377\000A\000l\000g\000o\000r\000i\000t\000h\000m\000\040\000C\000o\000m\000p\000a\000r\000i\000s\000o\000n}{}% 64
\BOOKMARK [1][-]{section.10.1}{\376\377\000P\000e\000r\000f\000o\000r\000m\000a\000n\000c\000e\000\040\000S\000u\000m\000m\000a\000r\000y}{chapter.10}% 65
\BOOKMARK [1][-]{section.10.2}{\376\377\000U\000s\000e\000\040\000C\000a\000s\000e\000\040\000R\000e\000c\000o\000m\000m\000e\000n\000d\000a\000t\000i\000o\000n\000s}{chapter.10}% 66
\BOOKMARK [1][-]{section.10.3}{\376\377\000H\000i\000s\000t\000o\000r\000i\000c\000a\000l\000\040\000T\000i\000m\000e\000l\000i\000n\000e}{chapter.10}% 67
\BOOKMARK [0][-]{chapter.11}{\376\377\000C\000o\000n\000c\000l\000u\000s\000i\000o\000n}{}% 68
\BOOKMARK [1][-]{section.11.1}{\376\377\000K\000e\000y\000\040\000T\000a\000k\000e\000a\000w\000a\000y\000s}{chapter.11}% 69
\BOOKMARK [1][-]{section.11.2}{\376\377\000D\000e\000c\000i\000s\000i\000o\000n\000\040\000F\000l\000o\000w\000c\000h\000a\000r\000t}{chapter.11}% 70
\BOOKMARK [1][-]{section.11.3}{\376\377\000F\000u\000t\000u\000r\000e\000\040\000T\000r\000e\000n\000d\000s}{chapter.11}% 71
\BOOKMARK [0][-]{chapter*.2}{\376\377\000R\000e\000f\000e\000r\000e\000n\000c\000e\000s}{}% 72
