\BOOKMARK [0][-]{chapter.1}{\376\377\000I\000n\000t\000r\000o\000d\000u\000c\000t\000i\000o\000n}{}% 1
\BOOKMARK [1][-]{section.1.1}{\376\377\000T\000h\000e\000\040\000Q\000u\000a\000n\000t\000u\000m\000\040\000T\000h\000r\000e\000a\000t}{chapter.1}% 2
\BOOKMARK [2][-]{subsection.1.1.1}{\376\377\000T\000i\000m\000e\000l\000i\000n\000e\000\040\000E\000s\000t\000i\000m\000a\000t\000e\000s}{section.1.1}% 3
\BOOKMARK [1][-]{section.1.2}{\376\377\000T\000h\000e\000\040\000P\000e\000r\000f\000o\000r\000m\000a\000n\000c\000e\000\040\000C\000h\000a\000l\000l\000e\000n\000g\000e}{chapter.1}% 4
\BOOKMARK [1][-]{section.1.3}{\376\377\000H\000a\000r\000d\000w\000a\000r\000e\000\040\000A\000c\000c\000e\000l\000e\000r\000a\000t\000i\000o\000n\000\040\000S\000o\000l\000u\000t\000i\000o\000n\000s}{chapter.1}% 5
\BOOKMARK [1][-]{section.1.4}{\376\377\000D\000o\000c\000u\000m\000e\000n\000t\000\040\000O\000v\000e\000r\000v\000i\000e\000w}{chapter.1}% 6
\BOOKMARK [1][-]{section.1.5}{\376\377\000W\000h\000y\000\040\000T\000h\000i\000s\000\040\000M\000a\000t\000t\000e\000r\000s}{chapter.1}% 7
\BOOKMARK [0][-]{chapter.2}{\376\377\000P\000o\000s\000t\000-\000Q\000u\000a\000n\000t\000u\000m\000\040\000C\000r\000y\000p\000t\000o\000g\000r\000a\000p\000h\000y\000\040\000F\000u\000n\000d\000a\000m\000e\000n\000t\000a\000l\000s}{}% 8
\BOOKMARK [1][-]{section.2.1}{\376\377\000W\000h\000a\000t\000\040\000i\000s\000\040\000P\000o\000s\000t\000-\000Q\000u\000a\000n\000t\000u\000m\000\040\000C\000r\000y\000p\000t\000o\000g\000r\000a\000p\000h\000y\000?}{chapter.2}% 9
\BOOKMARK [1][-]{section.2.2}{\376\377\000W\000h\000y\000\040\000C\000u\000r\000r\000e\000n\000t\000\040\000C\000r\000y\000p\000t\000o\000g\000r\000a\000p\000h\000y\000\040\000F\000a\000i\000l\000s}{chapter.2}% 10
\BOOKMARK [2][-]{subsection.2.2.1}{\376\377\000S\000h\000o\000r\000'\000s\000\040\000A\000l\000g\000o\000r\000i\000t\000h\000m}{section.2.2}% 11
\BOOKMARK [2][-]{subsection.2.2.2}{\376\377\000C\000o\000m\000p\000l\000e\000x\000i\000t\000y\000\040\000C\000o\000m\000p\000a\000r\000i\000s\000o\000n}{section.2.2}% 12
\BOOKMARK [1][-]{section.2.3}{\376\377\000G\000r\000o\000v\000e\000r\000'\000s\000\040\000A\000l\000g\000o\000r\000i\000t\000h\000m}{chapter.2}% 13
\BOOKMARK [1][-]{section.2.4}{\376\377\000M\000a\000t\000h\000e\000m\000a\000t\000i\000c\000a\000l\000\040\000F\000o\000u\000n\000d\000a\000t\000i\000o\000n\000s\000\040\000o\000f\000\040\000P\000Q\000C}{chapter.2}% 14
\BOOKMARK [1][-]{section.2.5}{\376\377\000S\000e\000c\000u\000r\000i\000t\000y\000\040\000L\000e\000v\000e\000l\000s}{chapter.2}% 15
\BOOKMARK [0][-]{chapter.3}{\376\377\000P\000Q\000C\000\040\000A\000l\000g\000o\000r\000i\000t\000h\000m\000\040\000F\000a\000m\000i\000l\000i\000e\000s}{}% 16
\BOOKMARK [1][-]{section.3.1}{\376\377\000O\000v\000e\000r\000v\000i\000e\000w\000\040\000o\000f\000\040\000A\000l\000g\000o\000r\000i\000t\000h\000m\000\040\000F\000a\000m\000i\000l\000i\000e\000s}{chapter.3}% 17
\BOOKMARK [1][-]{section.3.2}{\376\377\000L\000a\000t\000t\000i\000c\000e\000-\000B\000a\000s\000e\000d\000\040\000C\000r\000y\000p\000t\000o\000g\000r\000a\000p\000h\000y}{chapter.3}% 18
\BOOKMARK [2][-]{subsection.3.2.1}{\376\377\000W\000h\000a\000t\000\040\000i\000s\000\040\000a\000\040\000L\000a\000t\000t\000i\000c\000e\000?}{section.3.2}% 19
\BOOKMARK [2][-]{subsection.3.2.2}{\376\377\000H\000a\000r\000d\000\040\000L\000a\000t\000t\000i\000c\000e\000\040\000P\000r\000o\000b\000l\000e\000m\000s}{section.3.2}% 20
\BOOKMARK [2][-]{subsection.3.2.3}{\376\377\000L\000W\000E\000\040\000P\000r\000o\000b\000l\000e\000m\000\040\000E\000x\000p\000l\000a\000i\000n\000e\000d}{section.3.2}% 21
\BOOKMARK [1][-]{section.3.3}{\376\377\000H\000a\000s\000h\000-\000B\000a\000s\000e\000d\000\040\000S\000i\000g\000n\000a\000t\000u\000r\000e\000s}{chapter.3}% 22
\BOOKMARK [2][-]{subsection.3.3.1}{\376\377\000O\000n\000e\000-\000T\000i\000m\000e\000\040\000S\000i\000g\000n\000a\000t\000u\000r\000e\000s\000\040\000\050\000O\000T\000S\000\051}{section.3.3}% 23
\BOOKMARK [2][-]{subsection.3.3.2}{\376\377\000M\000e\000r\000k\000l\000e\000\040\000T\000r\000e\000e\000s}{section.3.3}% 24
\BOOKMARK [1][-]{section.3.4}{\376\377\000C\000o\000d\000e\000-\000B\000a\000s\000e\000d\000\040\000C\000r\000y\000p\000t\000o\000g\000r\000a\000p\000h\000y}{chapter.3}% 25
\BOOKMARK [2][-]{subsection.3.4.1}{\376\377\000M\000c\000E\000l\000i\000e\000c\000e\000\040\000C\000r\000y\000p\000t\000o\000s\000y\000s\000t\000e\000m\000\040\000\050\0001\0009\0007\0008\000\051}{section.3.4}% 26
\BOOKMARK [1][-]{section.3.5}{\376\377\000A\000l\000g\000o\000r\000i\000t\000h\000m\000\040\000F\000a\000m\000i\000l\000y\000\040\000C\000o\000m\000p\000a\000r\000i\000s\000o\000n}{chapter.3}% 27
\BOOKMARK [0][-]{chapter.4}{\376\377\000N\000I\000S\000T\000\040\000P\000Q\000C\000\040\000S\000t\000a\000n\000d\000a\000r\000d\000s}{}% 28
\BOOKMARK [1][-]{section.4.1}{\376\377\000S\000t\000a\000n\000d\000a\000r\000d\000i\000z\000a\000t\000i\000o\000n\000\040\000T\000i\000m\000e\000l\000i\000n\000e}{chapter.4}% 29
\BOOKMARK [1][-]{section.4.2}{\376\377\000T\000h\000e\000\040\000F\000o\000u\000r\000\040\000S\000t\000a\000n\000d\000a\000r\000d\000i\000z\000e\000d\000\040\000A\000l\000g\000o\000r\000i\000t\000h\000m\000s}{chapter.4}% 30
\BOOKMARK [1][-]{section.4.3}{\376\377\000M\000L\000-\000K\000E\000M\000\040\000\050\000K\000y\000b\000e\000r\000\051}{chapter.4}% 31
\BOOKMARK [2][-]{subsection.4.3.1}{\376\377\000H\000o\000w\000\040\000M\000L\000-\000K\000E\000M\000\040\000W\000o\000r\000k\000s}{section.4.3}% 32
\BOOKMARK [1][-]{section.4.4}{\376\377\000M\000L\000-\000D\000S\000A\000\040\000\050\000D\000i\000l\000i\000t\000h\000i\000u\000m\000\051}{chapter.4}% 33
\BOOKMARK [1][-]{section.4.5}{\376\377\000S\000L\000H\000-\000D\000S\000A\000\040\000\050\000S\000P\000H\000I\000N\000C\000S\000+\000\051}{chapter.4}% 34
\BOOKMARK [1][-]{section.4.6}{\376\377\000C\000o\000m\000p\000a\000r\000i\000s\000o\000n\000\040\000S\000u\000m\000m\000a\000r\000y}{chapter.4}% 35
\BOOKMARK [0][-]{chapter.5}{\376\377\000G\000P\000U\000\040\000A\000r\000c\000h\000i\000t\000e\000c\000t\000u\000r\000e\000\040\000a\000n\000d\000\040\000C\000U\000D\000A}{}% 36
\BOOKMARK [1][-]{section.5.1}{\376\377\000G\000P\000U\000\040\000v\000s\000\040\000C\000P\000U\000\040\000A\000r\000c\000h\000i\000t\000e\000c\000t\000u\000r\000e}{chapter.5}% 37
\BOOKMARK [1][-]{section.5.2}{\376\377\000C\000U\000D\000A\000\040\000P\000r\000o\000g\000r\000a\000m\000m\000i\000n\000g\000\040\000M\000o\000d\000e\000l}{chapter.5}% 38
\BOOKMARK [2][-]{subsection.5.2.1}{\376\377\000K\000e\000y\000\040\000C\000o\000n\000c\000e\000p\000t\000s}{section.5.2}% 39
\BOOKMARK [2][-]{subsection.5.2.2}{\376\377\000T\000h\000r\000e\000a\000d\000\040\000H\000i\000e\000r\000a\000r\000c\000h\000y}{section.5.2}% 40
\BOOKMARK [1][-]{section.5.3}{\376\377\000C\000U\000D\000A\000\040\000M\000e\000m\000o\000r\000y\000\040\000M\000o\000d\000e\000l}{chapter.5}% 41
\BOOKMARK [1][-]{section.5.4}{\376\377\000C\000U\000D\000A\000\040\000K\000e\000r\000n\000e\000l\000\040\000E\000x\000a\000m\000p\000l\000e}{chapter.5}% 42
\BOOKMARK [2][-]{subsection.5.4.1}{\376\377\000E\000x\000e\000c\000u\000t\000i\000o\000n\000\040\000F\000l\000o\000w}{section.5.4}% 43
\BOOKMARK [1][-]{section.5.5}{\376\377\000P\000e\000r\000f\000o\000r\000m\000a\000n\000c\000e\000\040\000C\000o\000n\000s\000i\000d\000e\000r\000a\000t\000i\000o\000n\000s}{chapter.5}% 44
\BOOKMARK [1][-]{section.5.6}{\376\377\000C\000U\000D\000A\000\040\000L\000i\000b\000r\000a\000r\000i\000e\000s\000\040\000f\000o\000r\000\040\000C\000o\000m\000p\000r\000e\000s\000s\000i\000o\000n}{chapter.5}% 45
\BOOKMARK [0][-]{chapter.6}{\376\377\000O\000p\000e\000n\000C\000L\000\040\000a\000n\000d\000\040\000C\000r\000o\000s\000s\000-\000P\000l\000a\000t\000f\000o\000r\000m\000\040\000C\000o\000m\000p\000u\000t\000i\000n\000g}{}% 46
\BOOKMARK [1][-]{section.6.1}{\376\377\000I\000n\000t\000r\000o\000d\000u\000c\000t\000i\000o\000n\000\040\000t\000o\000\040\000O\000p\000e\000n\000C\000L}{chapter.6}% 47
\BOOKMARK [2][-]{subsection.6.1.1}{\376\377\000P\000l\000a\000t\000f\000o\000r\000m\000\040\000M\000o\000d\000e\000l}{section.6.1}% 48
\BOOKMARK [2][-]{subsection.6.1.2}{\376\377\000O\000p\000e\000n\000C\000L\000\040\000A\000r\000c\000h\000i\000t\000e\000c\000t\000u\000r\000e\000\040\000L\000a\000y\000e\000r\000s}{section.6.1}% 49
\BOOKMARK [1][-]{section.6.2}{\376\377\000M\000e\000m\000o\000r\000y\000\040\000M\000o\000d\000e\000l}{chapter.6}% 50
\BOOKMARK [1][-]{section.6.3}{\376\377\000O\000p\000e\000n\000C\000L\000\040\000K\000e\000r\000n\000e\000l\000\040\000P\000r\000o\000g\000r\000a\000m\000m\000i\000n\000g}{chapter.6}% 51
\BOOKMARK [2][-]{subsection.6.3.1}{\376\377\000K\000e\000r\000n\000e\000l\000\040\000S\000y\000n\000t\000a\000x}{section.6.3}% 52
\BOOKMARK [2][-]{subsection.6.3.2}{\376\377\000K\000e\000y\000\040\000O\000p\000e\000n\000C\000L\000\040\000F\000u\000n\000c\000t\000i\000o\000n\000s}{section.6.3}% 53
\BOOKMARK [1][-]{section.6.4}{\376\377\000C\000U\000D\000A\000\040\000v\000s\000\040\000O\000p\000e\000n\000C\000L\000\040\000C\000o\000m\000p\000a\000r\000i\000s\000o\000n}{chapter.6}% 54
\BOOKMARK [0][-]{chapter.7}{\376\377\000F\000P\000G\000A\000\040\000A\000r\000c\000h\000i\000t\000e\000c\000t\000u\000r\000e\000\040\000a\000n\000d\000\040\000P\000r\000o\000g\000r\000a\000m\000m\000i\000n\000g}{}% 55
\BOOKMARK [1][-]{section.7.1}{\376\377\000I\000n\000t\000r\000o\000d\000u\000c\000t\000i\000o\000n\000\040\000t\000o\000\040\000F\000P\000G\000A\000s}{chapter.7}% 56
\BOOKMARK [1][-]{section.7.2}{\376\377\000F\000P\000G\000A\000\040\000A\000r\000c\000h\000i\000t\000e\000c\000t\000u\000r\000e}{chapter.7}% 57
\BOOKMARK [2][-]{subsection.7.2.1}{\376\377\000C\000o\000r\000e\000\040\000C\000o\000m\000p\000o\000n\000e\000n\000t\000s}{section.7.2}% 58
\BOOKMARK [2][-]{subsection.7.2.2}{\376\377\000L\000o\000o\000k\000-\000U\000p\000\040\000T\000a\000b\000l\000e\000\040\000\050\000L\000U\000T\000\051\000\040\000S\000t\000r\000u\000c\000t\000u\000r\000e}{section.7.2}% 59
\BOOKMARK [1][-]{section.7.3}{\376\377\000F\000P\000G\000A\000\040\000v\000s\000\040\000G\000P\000U\000\040\000v\000s\000\040\000C\000P\000U}{chapter.7}% 60
\BOOKMARK [1][-]{section.7.4}{\376\377\000F\000P\000G\000A\000\040\000P\000r\000o\000g\000r\000a\000m\000m\000i\000n\000g\000\040\000M\000e\000t\000h\000o\000d\000s}{chapter.7}% 61
\BOOKMARK [2][-]{subsection.7.4.1}{\376\377\000T\000r\000a\000d\000i\000t\000i\000o\000n\000a\000l\000\040\000H\000D\000L\000\040\000F\000l\000o\000w}{section.7.4}% 62
\BOOKMARK [2][-]{subsection.7.4.2}{\376\377\000H\000i\000g\000h\000-\000L\000e\000v\000e\000l\000\040\000S\000y\000n\000t\000h\000e\000s\000i\000s\000\040\000\050\000H\000L\000S\000\051}{section.7.4}% 63
\BOOKMARK [1][-]{section.7.5}{\376\377\000M\000a\000j\000o\000r\000\040\000F\000P\000G\000A\000\040\000V\000e\000n\000d\000o\000r\000s}{chapter.7}% 64
\BOOKMARK [0][-]{chapter.8}{\376\377\000H\000a\000r\000d\000w\000a\000r\000e\000-\000A\000c\000c\000e\000l\000e\000r\000a\000t\000e\000d\000\040\000C\000o\000m\000p\000r\000e\000s\000s\000i\000o\000n}{}% 65
\BOOKMARK [1][-]{section.8.1}{\376\377\000W\000h\000y\000\040\000H\000a\000r\000d\000w\000a\000r\000e\000\040\000A\000c\000c\000e\000l\000e\000r\000a\000t\000i\000o\000n\000?}{chapter.8}% 66
\BOOKMARK [1][-]{section.8.2}{\376\377\000G\000P\000U\000\040\000C\000o\000m\000p\000r\000e\000s\000s\000i\000o\000n\000\040\000T\000e\000c\000h\000n\000i\000q\000u\000e\000s}{chapter.8}% 67
\BOOKMARK [2][-]{subsection.8.2.1}{\376\377\000P\000a\000r\000a\000l\000l\000e\000l\000\040\000L\000Z\0007\0007}{section.8.2}% 68
\BOOKMARK [2][-]{subsection.8.2.2}{\376\377\000P\000a\000r\000a\000l\000l\000e\000l\000\040\000H\000u\000f\000f\000m\000a\000n\000\040\000C\000o\000d\000i\000n\000g}{section.8.2}% 69
\BOOKMARK [1][-]{section.8.3}{\376\377\000F\000P\000G\000A\000\040\000C\000o\000m\000p\000r\000e\000s\000s\000i\000o\000n\000\040\000I\000m\000p\000l\000e\000m\000e\000n\000t\000a\000t\000i\000o\000n\000s}{chapter.8}% 70
\BOOKMARK [2][-]{subsection.8.3.1}{\376\377\000S\000t\000r\000e\000a\000m\000i\000n\000g\000\040\000L\000Z\0007\0007\000\040\000A\000r\000c\000h\000i\000t\000e\000c\000t\000u\000r\000e}{section.8.3}% 71
\BOOKMARK [2][-]{subsection.8.3.2}{\376\377\000C\000o\000m\000m\000e\000r\000c\000i\000a\000l\000\040\000F\000P\000G\000A\000\040\000C\000o\000m\000p\000r\000e\000s\000s\000i\000o\000n\000\040\000I\000P}{section.8.3}% 72
\BOOKMARK [1][-]{section.8.4}{\376\377\000H\000y\000b\000r\000i\000d\000\040\000C\000P\000U\000-\000G\000P\000U\000-\000F\000P\000G\000A\000\040\000S\000y\000s\000t\000e\000m\000s}{chapter.8}% 73
\BOOKMARK [1][-]{section.8.5}{\376\377\000P\000Q\000C\000\040\000H\000a\000r\000d\000w\000a\000r\000e\000\040\000A\000c\000c\000e\000l\000e\000r\000a\000t\000i\000o\000n}{chapter.8}% 74
\BOOKMARK [2][-]{subsection.8.5.1}{\376\377\000P\000Q\000C\000\040\000O\000p\000e\000r\000a\000t\000i\000o\000n\000s\000\040\000o\000n\000\040\000H\000a\000r\000d\000w\000a\000r\000e}{section.8.5}% 75
\BOOKMARK [2][-]{subsection.8.5.2}{\376\377\000N\000u\000m\000b\000e\000r\000\040\000T\000h\000e\000o\000r\000e\000t\000i\000c\000\040\000T\000r\000a\000n\000s\000f\000o\000r\000m\000\040\000\050\000N\000T\000T\000\051}{section.8.5}% 76
\BOOKMARK [0][-]{chapter.9}{\376\377\000C\000o\000n\000c\000l\000u\000s\000i\000o\000n\000\040\000a\000n\000d\000\040\000F\000u\000t\000u\000r\000e\000\040\000D\000i\000r\000e\000c\000t\000i\000o\000n\000s}{}% 77
\BOOKMARK [1][-]{section.9.1}{\376\377\000K\000e\000y\000\040\000T\000a\000k\000e\000a\000w\000a\000y\000s}{chapter.9}% 78
\BOOKMARK [1][-]{section.9.2}{\376\377\000F\000u\000t\000u\000r\000e\000\040\000T\000r\000e\000n\000d\000s}{chapter.9}% 79
\BOOKMARK [2][-]{subsection.9.2.1}{\376\377\000E\000m\000e\000r\000g\000i\000n\000g\000\040\000T\000e\000c\000h\000n\000o\000l\000o\000g\000i\000e\000s}{section.9.2}% 80
\BOOKMARK [1][-]{section.9.3}{\376\377\000R\000e\000c\000o\000m\000m\000e\000n\000d\000a\000t\000i\000o\000n\000s}{chapter.9}% 81
\BOOKMARK [2][-]{subsection.9.3.1}{\376\377\000I\000m\000p\000l\000e\000m\000e\000n\000t\000a\000t\000i\000o\000n\000\040\000R\000o\000a\000d\000m\000a\000p}{section.9.3}% 82
\BOOKMARK [1][-]{section.9.4}{\376\377\000S\000u\000m\000m\000a\000r\000y\000\040\000T\000a\000b\000l\000e}{chapter.9}% 83
