\BOOKMARK [0][-]{chapter*.1}{\376\377\000A\000b\000s\000t\000r\000a\000c\000t}{}% 1
\BOOKMARK [0][-]{chapter*.2}{\376\377\000A\000c\000k\000n\000o\000w\000l\000e\000d\000g\000e\000m\000e\000n\000t\000s}{}% 2
\BOOKMARK [0][-]{chapter*.4}{\376\377\000L\000i\000s\000t\000\040\000o\000f\000\040\000F\000i\000g\000u\000r\000e\000s}{}% 3
\BOOKMARK [0][-]{chapter*.5}{\376\377\000L\000i\000s\000t\000\040\000o\000f\000\040\000T\000a\000b\000l\000e\000s}{}% 4
\BOOKMARK [0][-]{chapter*.6}{\376\377\000L\000i\000s\000t\000\040\000o\000f\000\040\000A\000l\000g\000o\000r\000i\000t\000h\000m\000s}{}% 5
\BOOKMARK [0][-]{chapter*.6}{\376\377\000L\000i\000s\000t\000\040\000o\000f\000\040\000A\000c\000r\000o\000n\000y\000m\000s}{}% 6
\BOOKMARK [0][-]{chapter*.7}{\376\377\000G\000e\000n\000e\000r\000a\000l\000\040\000I\000n\000t\000r\000o\000d\000u\000c\000t\000i\000o\000n}{}% 7
\BOOKMARK [0][-]{chapter.1}{\376\377\000I\000o\000T\000\040\000a\000n\000d\000\040\000S\000e\000c\000u\000r\000i\000t\000y\000\040\000C\000h\000a\000l\000l\000e\000n\000g\000e\000s}{}% 8
\BOOKMARK [1][-]{section.1.1}{\376\377\000I\000n\000t\000r\000o\000d\000u\000c\000t\000i\000o\000n}{chapter.1}% 9
\BOOKMARK [1][-]{section.1.2}{\376\377\000I\000o\000T\000\040\000D\000e\000v\000i\000c\000e\000\040\000C\000o\000n\000s\000t\000r\000a\000i\000n\000t\000s}{chapter.1}% 10
\BOOKMARK [2][-]{subsection.1.2.1}{\376\377\000E\000n\000e\000r\000g\000y\000\040\000C\000o\000n\000s\000t\000r\000a\000i\000n\000t\000s}{section.1.2}% 11
\BOOKMARK [2][-]{subsection.1.2.2}{\376\377\000M\000e\000m\000o\000r\000y\000\040\000a\000n\000d\000\040\000B\000a\000n\000d\000w\000i\000d\000t\000h\000\040\000L\000i\000m\000i\000t\000a\000t\000i\000o\000n\000s}{section.1.2}% 12
\BOOKMARK [1][-]{section.1.3}{\376\377\000T\000h\000e\000\040\000Q\000u\000a\000n\000t\000u\000m\000\040\000T\000h\000r\000e\000a\000t}{chapter.1}% 13
\BOOKMARK [2][-]{subsection.1.3.1}{\376\377\000Q\000u\000a\000n\000t\000u\000m\000\040\000C\000o\000m\000p\000u\000t\000i\000n\000g\000\040\000a\000n\000d\000\040\000C\000r\000y\000p\000t\000o\000g\000r\000a\000p\000h\000y}{section.1.3}% 14
\BOOKMARK [2][-]{subsection.1.3.2}{\376\377\000T\000i\000m\000e\000l\000i\000n\000e\000\040\000a\000n\000d\000\040\000U\000r\000g\000e\000n\000c\000y}{section.1.3}% 15
\BOOKMARK [1][-]{section.1.4}{\376\377\000C\000h\000a\000p\000t\000e\000r\000\040\000C\000o\000n\000c\000l\000u\000s\000i\000o\000n}{chapter.1}% 16
\BOOKMARK [0][-]{chapter.2}{\376\377\000P\000o\000s\000t\000-\000Q\000u\000a\000n\000t\000u\000m\000\040\000C\000r\000y\000p\000t\000o\000g\000r\000a\000p\000h\000y}{}% 17
\BOOKMARK [1][-]{section.2.1}{\376\377\000I\000n\000t\000r\000o\000d\000u\000c\000t\000i\000o\000n}{chapter.2}% 18
\BOOKMARK [1][-]{section.2.2}{\376\377\000H\000i\000s\000t\000o\000r\000y\000\040\000a\000n\000d\000\040\000N\000I\000S\000T\000\040\000S\000t\000a\000n\000d\000a\000r\000d\000i\000z\000a\000t\000i\000o\000n}{chapter.2}% 19
\BOOKMARK [1][-]{section.2.3}{\376\377\000P\000Q\000C\000\040\000A\000l\000g\000o\000r\000i\000t\000h\000m\000\040\000F\000a\000m\000i\000l\000i\000e\000s\000\040\000O\000v\000e\000r\000v\000i\000e\000w}{chapter.2}% 20
\BOOKMARK [1][-]{section.2.4}{\376\377\000L\000a\000t\000t\000i\000c\000e\000-\000B\000a\000s\000e\000d\000\040\000C\000r\000y\000p\000t\000o\000g\000r\000a\000p\000h\000y}{chapter.2}% 21
\BOOKMARK [2][-]{subsection.2.4.1}{\376\377\000L\000e\000a\000r\000n\000i\000n\000g\000\040\000W\000i\000t\000h\000\040\000E\000r\000r\000o\000r\000s\000\040\000\050\000L\000W\000E\000\051}{section.2.4}% 22
\BOOKMARK [2][-]{subsection.2.4.2}{\376\377\000N\000u\000m\000b\000e\000r\000\040\000T\000h\000e\000o\000r\000e\000t\000i\000c\000\040\000T\000r\000a\000n\000s\000f\000o\000r\000m\000\040\000\050\000N\000T\000T\000\051}{section.2.4}% 23
\BOOKMARK [1][-]{section.2.5}{\376\377\000K\000y\000b\000e\000r\000:\000\040\000O\000u\000r\000\040\000C\000h\000o\000s\000e\000n\000\040\000A\000l\000g\000o\000r\000i\000t\000h\000m}{chapter.2}% 24
\BOOKMARK [2][-]{subsection.2.5.1}{\376\377\000K\000y\000b\000e\000r\000\040\000O\000p\000e\000r\000a\000t\000i\000o\000n\000s}{section.2.5}% 25
\BOOKMARK [2][-]{subsection.2.5.2}{\376\377\000W\000h\000y\000\040\000K\000y\000b\000e\000r\0007\0006\0008}{section.2.5}% 26
\BOOKMARK [1][-]{section.2.6}{\376\377\000P\000Q\000C\000\040\000S\000i\000z\000e\000\040\000O\000v\000e\000r\000h\000e\000a\000d}{chapter.2}% 27
\BOOKMARK [1][-]{section.2.7}{\376\377\000P\000Q\000C\000\040\000P\000e\000r\000f\000o\000r\000m\000a\000n\000c\000e\000\040\000o\000n\000\040\000I\000o\000T}{chapter.2}% 28
\BOOKMARK [1][-]{section.2.8}{\376\377\000C\000h\000a\000p\000t\000e\000r\000\040\000C\000o\000n\000c\000l\000u\000s\000i\000o\000n}{chapter.2}% 29
\BOOKMARK [0][-]{chapter.3}{\376\377\000C\000o\000m\000p\000r\000e\000s\000s\000i\000o\000n\000\040\000A\000l\000g\000o\000r\000i\000t\000h\000m\000s}{}% 30
\BOOKMARK [1][-]{section.3.1}{\376\377\000I\000n\000t\000r\000o\000d\000u\000c\000t\000i\000o\000n}{chapter.3}% 31
\BOOKMARK [1][-]{section.3.2}{\376\377\000F\000u\000n\000d\000a\000m\000e\000n\000t\000a\000l\000s\000\040\000o\000f\000\040\000D\000a\000t\000a\000\040\000C\000o\000m\000p\000r\000e\000s\000s\000i\000o\000n}{chapter.3}% 32
\BOOKMARK [2][-]{subsection.3.2.1}{\376\377\000L\000o\000s\000s\000l\000e\000s\000s\000\040\000v\000s\000\040\000L\000o\000s\000s\000y\000\040\000C\000o\000m\000p\000r\000e\000s\000s\000i\000o\000n}{section.3.2}% 33
\BOOKMARK [2][-]{subsection.3.2.2}{\376\377\000C\000o\000m\000p\000r\000e\000s\000s\000i\000o\000n\000\040\000M\000e\000t\000r\000i\000c\000s}{section.3.2}% 34
\BOOKMARK [2][-]{subsection.3.2.3}{\376\377\000I\000n\000f\000o\000r\000m\000a\000t\000i\000o\000n\000\040\000T\000h\000e\000o\000r\000y}{section.3.2}% 35
\BOOKMARK [1][-]{section.3.3}{\376\377\000C\000o\000m\000p\000r\000e\000s\000s\000i\000o\000n\000\040\000A\000l\000g\000o\000r\000i\000t\000h\000m\000\040\000F\000a\000m\000i\000l\000i\000e\000s}{chapter.3}% 36
\BOOKMARK [2][-]{subsection.3.3.1}{\376\377\000C\000l\000a\000s\000s\000i\000c\000a\000l\000\040\000A\000l\000g\000o\000r\000i\000t\000h\000m\000s}{section.3.3}% 37
\BOOKMARK [2][-]{subsection.3.3.2}{\376\377\000M\000o\000d\000e\000r\000n\000\040\000A\000l\000g\000o\000r\000i\000t\000h\000m\000s}{section.3.3}% 38
\BOOKMARK [1][-]{section.3.4}{\376\377\000L\000Z\0004\000:\000\040\000O\000u\000r\000\040\000C\000h\000o\000s\000e\000n\000\040\000A\000l\000g\000o\000r\000i\000t\000h\000m}{chapter.3}% 39
\BOOKMARK [2][-]{subsection.3.4.1}{\376\377\000H\000o\000w\000\040\000L\000Z\0004\000\040\000W\000o\000r\000k\000s}{section.3.4}% 40
\BOOKMARK [2][-]{subsection.3.4.2}{\376\377\000L\000Z\0004\000\040\000A\000d\000v\000a\000n\000t\000a\000g\000e\000s\000\040\000f\000o\000r\000\040\000I\000o\000T}{section.3.4}% 41
\BOOKMARK [2][-]{subsection.3.4.3}{\376\377\000W\000h\000y\000\040\000L\000Z\0004\000\040\000o\000v\000e\000r\000\040\000Z\000L\000I\000B\000/\000Z\000s\000t\000d\000\040\000f\000o\000r\000\040\000I\000o\000T\000\040\000E\000n\000d\000p\000o\000i\000n\000t\000s}{section.3.4}% 42
\BOOKMARK [1][-]{section.3.5}{\376\377\000A\000l\000g\000o\000r\000i\000t\000h\000m\000\040\000C\000o\000m\000p\000a\000r\000i\000s\000o\000n}{chapter.3}% 43
\BOOKMARK [1][-]{section.3.6}{\376\377\000I\000o\000T\000\040\000D\000a\000t\000a\000\040\000C\000h\000a\000r\000a\000c\000t\000e\000r\000i\000s\000t\000i\000c\000s}{chapter.3}% 44
\BOOKMARK [1][-]{section.3.7}{\376\377\000C\000h\000a\000p\000t\000e\000r\000\040\000C\000o\000n\000c\000l\000u\000s\000i\000o\000n}{chapter.3}% 45
\BOOKMARK [0][-]{chapter.4}{\376\377\000C\000o\000m\000b\000i\000n\000e\000d\000\040\000A\000p\000p\000r\000o\000a\000c\000h\000:\000\040\000P\000Q\000C\000\040\000w\000i\000t\000h\000\040\000C\000o\000m\000p\000r\000e\000s\000s\000i\000o\000n}{}% 46
\BOOKMARK [1][-]{section.4.1}{\376\377\000I\000n\000t\000r\000o\000d\000u\000c\000t\000i\000o\000n}{chapter.4}% 47
\BOOKMARK [1][-]{section.4.2}{\376\377\000W\000h\000y\000\040\000C\000o\000m\000p\000r\000e\000s\000s\000\040\000B\000e\000f\000o\000r\000e\000\040\000E\000n\000c\000r\000y\000p\000t\000i\000n\000g}{chapter.4}% 48
\BOOKMARK [1][-]{section.4.3}{\376\377\000S\000y\000s\000t\000e\000m\000\040\000A\000r\000c\000h\000i\000t\000e\000c\000t\000u\000r\000e}{chapter.4}% 49
\BOOKMARK [2][-]{subsection.4.3.1}{\376\377\000O\000v\000e\000r\000v\000i\000e\000w}{section.4.3}% 50
\BOOKMARK [2][-]{subsection.4.3.2}{\376\377\000S\000e\000n\000d\000e\000r\000\040\000W\000o\000r\000k\000f\000l\000o\000w}{section.4.3}% 51
\BOOKMARK [2][-]{subsection.4.3.3}{\376\377\000M\000e\000s\000s\000a\000g\000e\000\040\000F\000o\000r\000m\000a\000t}{section.4.3}% 52
\BOOKMARK [1][-]{section.4.4}{\376\377\000A\000l\000g\000o\000r\000i\000t\000h\000m\000\040\000S\000e\000l\000e\000c\000t\000i\000o\000n\000\040\000J\000u\000s\000t\000i\000f\000i\000c\000a\000t\000i\000o\000n}{chapter.4}% 53
\BOOKMARK [2][-]{subsection.4.4.1}{\376\377\000K\000y\000b\000e\000r\0007\0006\0008}{section.4.4}% 54
\BOOKMARK [2][-]{subsection.4.4.2}{\376\377\000L\000Z\0004}{section.4.4}% 55
\BOOKMARK [1][-]{section.4.5}{\376\377\000E\000x\000p\000e\000c\000t\000e\000d\000\040\000P\000e\000r\000f\000o\000r\000m\000a\000n\000c\000e}{chapter.4}% 56
\BOOKMARK [2][-]{subsection.4.5.1}{\376\377\000B\000a\000n\000d\000w\000i\000d\000t\000h\000\040\000M\000o\000d\000e\000l}{section.4.5}% 57
\BOOKMARK [2][-]{subsection.4.5.2}{\376\377\000C\000o\000m\000p\000a\000r\000i\000s\000o\000n\000\040\000w\000i\000t\000h\000\040\000C\000l\000a\000s\000s\000i\000c\000a\000l\000\040\000C\000r\000y\000p\000t\000o\000g\000r\000a\000p\000h\000y}{section.4.5}% 58
\BOOKMARK [1][-]{section.4.6}{\376\377\000O\000p\000t\000i\000m\000i\000z\000a\000t\000i\000o\000n\000\040\000S\000t\000r\000a\000t\000e\000g\000i\000e\000s}{chapter.4}% 59
\BOOKMARK [2][-]{subsection.4.6.1}{\376\377\000S\000e\000s\000s\000i\000o\000n\000\040\000K\000e\000y\000s}{section.4.6}% 60
\BOOKMARK [2][-]{subsection.4.6.2}{\376\377\000B\000a\000t\000c\000h\000i\000n\000g}{section.4.6}% 61
\BOOKMARK [1][-]{section.4.7}{\376\377\000S\000e\000c\000u\000r\000i\000t\000y\000\040\000A\000n\000a\000l\000y\000s\000i\000s}{chapter.4}% 62
\BOOKMARK [1][-]{section.4.8}{\376\377\000C\000h\000a\000p\000t\000e\000r\000\040\000C\000o\000n\000c\000l\000u\000s\000i\000o\000n}{chapter.4}% 63
\BOOKMARK [0][-]{chapter.5}{\376\377\000I\000m\000p\000l\000e\000m\000e\000n\000t\000a\000t\000i\000o\000n\000\040\000a\000n\000d\000\040\000B\000e\000n\000c\000h\000m\000a\000r\000k\000s}{}% 64
\BOOKMARK [1][-]{section.5.1}{\376\377\000I\000n\000t\000r\000o\000d\000u\000c\000t\000i\000o\000n}{chapter.5}% 65
\BOOKMARK [1][-]{section.5.2}{\376\377\000T\000e\000c\000h\000n\000i\000c\000a\000l\000\040\000E\000n\000v\000i\000r\000o\000n\000m\000e\000n\000t}{chapter.5}% 66
\BOOKMARK [2][-]{subsection.5.2.1}{\376\377\000L\000i\000b\000r\000a\000r\000i\000e\000s}{section.5.2}% 67
\BOOKMARK [2][-]{subsection.5.2.2}{\376\377\000E\000n\000v\000i\000r\000o\000n\000m\000e\000n\000t}{section.5.2}% 68
\BOOKMARK [1][-]{section.5.3}{\376\377\000I\000m\000p\000l\000e\000m\000e\000n\000t\000a\000t\000i\000o\000n}{chapter.5}% 69
\BOOKMARK [2][-]{subsection.5.3.1}{\376\377\000C\000o\000m\000p\000r\000e\000s\000s\000i\000o\000n\000\040\000M\000o\000d\000u\000l\000e}{section.5.3}% 70
\BOOKMARK [2][-]{subsection.5.3.2}{\376\377\000P\000Q\000C\000\040\000M\000o\000d\000u\000l\000e}{section.5.3}% 71
\BOOKMARK [2][-]{subsection.5.3.3}{\376\377\000C\000o\000m\000b\000i\000n\000e\000d\000\040\000P\000i\000p\000e\000l\000i\000n\000e}{section.5.3}% 72
\BOOKMARK [1][-]{section.5.4}{\376\377\000B\000e\000n\000c\000h\000m\000a\000r\000k\000\040\000M\000e\000t\000h\000o\000d\000o\000l\000o\000g\000y}{chapter.5}% 73
\BOOKMARK [2][-]{subsection.5.4.1}{\376\377\000T\000e\000s\000t\000\040\000D\000a\000t\000a\000s\000e\000t\000s}{section.5.4}% 74
\BOOKMARK [2][-]{subsection.5.4.2}{\376\377\000M\000e\000t\000r\000i\000c\000s}{section.5.4}% 75
\BOOKMARK [1][-]{section.5.5}{\376\377\000R\000e\000s\000u\000l\000t\000s}{chapter.5}% 76
\BOOKMARK [2][-]{subsection.5.5.1}{\376\377\000C\000o\000m\000p\000r\000e\000s\000s\000i\000o\000n\000\040\000P\000e\000r\000f\000o\000r\000m\000a\000n\000c\000e}{section.5.5}% 77
\BOOKMARK [2][-]{subsection.5.5.2}{\376\377\000K\000y\000b\000e\000r\0007\0006\0008\000\040\000P\000e\000r\000f\000o\000r\000m\000a\000n\000c\000e}{section.5.5}% 78
\BOOKMARK [2][-]{subsection.5.5.3}{\376\377\000C\000o\000m\000b\000i\000n\000e\000d\000\040\000A\000p\000p\000r\000o\000a\000c\000h\000\040\000R\000e\000s\000u\000l\000t\000s}{section.5.5}% 79
\BOOKMARK [2][-]{subsection.5.5.4}{\376\377\000B\000a\000n\000d\000w\000i\000d\000t\000h\000\040\000S\000a\000v\000i\000n\000g\000s\000\040\000A\000n\000a\000l\000y\000s\000i\000s}{section.5.5}% 80
\BOOKMARK [2][-]{subsection.5.5.5}{\376\377\000S\000p\000e\000e\000d\000\040\000C\000o\000m\000p\000a\000r\000i\000s\000o\000n}{section.5.5}% 81
\BOOKMARK [1][-]{section.5.6}{\376\377\000A\000n\000a\000l\000y\000s\000i\000s}{chapter.5}% 82
\BOOKMARK [2][-]{subsection.5.6.1}{\376\377\000K\000e\000y\000\040\000F\000i\000n\000d\000i\000n\000g\000s}{section.5.6}% 83
\BOOKMARK [2][-]{subsection.5.6.2}{\376\377\000T\000r\000a\000d\000e\000-\000o\000f\000f\000:\000\040\000C\000o\000m\000p\000r\000e\000s\000s\000i\000o\000n\000\040\000R\000a\000t\000i\000o\000\040\000v\000s\000\040\000S\000p\000e\000e\000d}{section.5.6}% 84
\BOOKMARK [2][-]{subsection.5.6.3}{\376\377\000R\000e\000c\000o\000m\000m\000e\000n\000d\000a\000t\000i\000o\000n\000s}{section.5.6}% 85
\BOOKMARK [1][-]{section.5.7}{\376\377\000C\000h\000a\000p\000t\000e\000r\000\040\000C\000o\000n\000c\000l\000u\000s\000i\000o\000n}{chapter.5}% 86
\BOOKMARK [0][-]{chapter*.44}{\376\377\000G\000e\000n\000e\000r\000a\000l\000\040\000C\000o\000n\000c\000l\000u\000s\000i\000o\000n}{}% 87
\BOOKMARK [0][-]{chapter*.50}{\376\377\000R\000e\000f\000e\000r\000e\000n\000c\000e\000s}{}% 88
